2019-12-08 16:18:32.700  INFO 3195 --- [main] c.c.d.s.a.SpringbootActuatorApplication  : Starting SpringbootActuatorApplication on DST75228 with PID 3195 (/Users/chenlinghong/IdeaProjects/lambochen/demo/springboot-actuator/target/classes started by chenlinghong in /Users/chenlinghong/IdeaProjects/lambochen/demo)
2019-12-08 16:18:32.703  INFO 3195 --- [main] c.c.d.s.a.SpringbootActuatorApplication  : No active profile set, falling back to default profiles: default
2019-12-08 16:18:33.648  INFO 3195 --- [main] o.s.b.w.embedded.tomcat.TomcatWebServer  : Tomcat initialized with port(s): 8080 (http)
2019-12-08 16:18:33.657  INFO 3195 --- [main] o.apache.catalina.core.StandardService   : Starting service [Tomcat]
2019-12-08 16:18:33.658  INFO 3195 --- [main] org.apache.catalina.core.StandardEngine  : Starting Servlet engine: [Apache Tomcat/9.0.27]
2019-12-08 16:18:33.727  INFO 3195 --- [main] o.a.c.c.C.[Tomcat].[localhost].[/]       : Initializing Spring embedded WebApplicationContext
2019-12-08 16:18:33.727  INFO 3195 --- [main] o.s.web.context.ContextLoader            : Root WebApplicationContext: initialization completed in 992 ms
2019-12-08 16:18:33.907  INFO 3195 --- [main] o.s.s.concurrent.ThreadPoolTaskExecutor  : Initializing ExecutorService 'applicationTaskExecutor'
2019-12-08 16:18:34.167  INFO 3195 --- [main] o.s.b.w.embedded.tomcat.TomcatWebServer  : Tomcat started on port(s): 8080 (http) with context path ''
2019-12-08 16:18:34.223  WARN 3195 --- [main] org.apache.tomcat.util.modeler.Registry  : The MBean registry cannot be disabled because it has already been initialised
2019-12-08 16:18:34.225  INFO 3195 --- [main] o.s.b.w.embedded.tomcat.TomcatWebServer  : Tomcat initialized with port(s): 11111 (http)
2019-12-08 16:18:34.225  INFO 3195 --- [main] o.apache.catalina.core.StandardService   : Starting service [Tomcat]
2019-12-08 16:18:34.226  INFO 3195 --- [main] org.apache.catalina.core.StandardEngine  : Starting Servlet engine: [Apache Tomcat/9.0.27]
2019-12-08 16:18:34.230  INFO 3195 --- [main] o.a.c.c.C.[Tomcat-1].[localhost].[/]     : Initializing Spring embedded WebApplicationContext
2019-12-08 16:18:34.230  INFO 3195 --- [main] o.s.web.context.ContextLoader            : Root WebApplicationContext: initialization completed in 60 ms
2019-12-08 16:18:34.238  INFO 3195 --- [main] o.s.b.a.e.web.EndpointLinksResolver      : Exposing 14 endpoint(s) beneath base path '/actuator'
2019-12-08 16:18:34.273  INFO 3195 --- [main] o.s.b.w.embedded.tomcat.TomcatWebServer  : Tomcat started on port(s): 11111 (http) with context path ''
2019-12-08 16:18:34.276  INFO 3195 --- [main] c.c.d.s.a.SpringbootActuatorApplication  : Started SpringbootActuatorApplication in 1.879 seconds (JVM running for 2.238)
2019-12-08 16:18:34.763  INFO 3195 --- [RMI TCP Connection(2)-10.32.183.131] o.a.c.c.C.[Tomcat].[localhost].[/]       : Initializing Spring DispatcherServlet 'dispatcherServlet'
2019-12-08 16:18:34.763  INFO 3195 --- [RMI TCP Connection(2)-10.32.183.131] o.s.web.servlet.DispatcherServlet        : Initializing Servlet 'dispatcherServlet'
2019-12-08 16:18:34.768  INFO 3195 --- [RMI TCP Connection(2)-10.32.183.131] o.s.web.servlet.DispatcherServlet        : Completed initialization in 5 ms
2019-12-08 16:18:58.167  INFO 3195 --- [http-nio-11111-exec-1] o.a.c.c.C.[Tomcat-1].[localhost].[/]     : Initializing Spring DispatcherServlet 'dispatcherServlet'
2019-12-08 16:18:58.167  INFO 3195 --- [http-nio-11111-exec-1] o.s.web.servlet.DispatcherServlet        : Initializing Servlet 'dispatcherServlet'
2019-12-08 16:18:58.168  INFO 3195 --- [http-nio-11111-exec-1] o.s.web.servlet.DispatcherServlet        : Completed initialization in 1 ms
2019-12-08 16:22:09.780  INFO 3195 --- [SpringContextShutdownHook] o.s.s.concurrent.ThreadPoolTaskExecutor  : Shutting down ExecutorService 'applicationTaskExecutor'
2019-12-08 16:22:12.768  INFO 3241 --- [main] c.c.d.s.a.SpringbootActuatorApplication  : Starting SpringbootActuatorApplication on DST75228 with PID 3241 (/Users/chenlinghong/IdeaProjects/lambochen/demo/springboot-actuator/target/classes started by chenlinghong in /Users/chenlinghong/IdeaProjects/lambochen/demo)
2019-12-08 16:22:12.770  INFO 3241 --- [main] c.c.d.s.a.SpringbootActuatorApplication  : No active profile set, falling back to default profiles: default
2019-12-08 16:22:13.644  INFO 3241 --- [main] o.s.b.w.embedded.tomcat.TomcatWebServer  : Tomcat initialized with port(s): 8080 (http)
2019-12-08 16:22:13.651  INFO 3241 --- [main] o.apache.catalina.core.StandardService   : Starting service [Tomcat]
2019-12-08 16:22:13.652  INFO 3241 --- [main] org.apache.catalina.core.StandardEngine  : Starting Servlet engine: [Apache Tomcat/9.0.27]
2019-12-08 16:22:13.698  INFO 3241 --- [main] o.a.c.c.C.[Tomcat].[localhost].[/]       : Initializing Spring embedded WebApplicationContext
2019-12-08 16:22:13.698  INFO 3241 --- [main] o.s.web.context.ContextLoader            : Root WebApplicationContext: initialization completed in 886 ms
2019-12-08 16:22:13.872  INFO 3241 --- [main] o.s.s.concurrent.ThreadPoolTaskExecutor  : Initializing ExecutorService 'applicationTaskExecutor'
2019-12-08 16:22:14.141  INFO 3241 --- [main] o.s.b.w.embedded.tomcat.TomcatWebServer  : Tomcat started on port(s): 8080 (http) with context path ''
2019-12-08 16:22:14.194  WARN 3241 --- [main] org.apache.tomcat.util.modeler.Registry  : The MBean registry cannot be disabled because it has already been initialised
2019-12-08 16:22:14.196  INFO 3241 --- [main] o.s.b.w.embedded.tomcat.TomcatWebServer  : Tomcat initialized with port(s): 11111 (http)
2019-12-08 16:22:14.197  INFO 3241 --- [main] o.apache.catalina.core.StandardService   : Starting service [Tomcat]
2019-12-08 16:22:14.197  INFO 3241 --- [main] org.apache.catalina.core.StandardEngine  : Starting Servlet engine: [Apache Tomcat/9.0.27]
2019-12-08 16:22:14.201  INFO 3241 --- [main] o.a.c.c.C.[Tomcat-1].[localhost].[/]     : Initializing Spring embedded WebApplicationContext
2019-12-08 16:22:14.201  INFO 3241 --- [main] o.s.web.context.ContextLoader            : Root WebApplicationContext: initialization completed in 58 ms
2019-12-08 16:22:14.210  INFO 3241 --- [main] o.s.b.a.e.web.EndpointLinksResolver      : Exposing 14 endpoint(s) beneath base path '/actuator'
2019-12-08 16:22:14.243  INFO 3241 --- [main] o.s.b.w.embedded.tomcat.TomcatWebServer  : Tomcat started on port(s): 11111 (http) with context path ''
2019-12-08 16:22:14.246  INFO 3241 --- [main] c.c.d.s.a.SpringbootActuatorApplication  : Started SpringbootActuatorApplication in 1.8 seconds (JVM running for 2.229)
2019-12-08 16:22:14.317  INFO 3241 --- [RMI TCP Connection(1)-10.32.183.131] o.a.c.c.C.[Tomcat].[localhost].[/]       : Initializing Spring DispatcherServlet 'dispatcherServlet'
2019-12-08 16:22:14.317  INFO 3241 --- [RMI TCP Connection(1)-10.32.183.131] o.s.web.servlet.DispatcherServlet        : Initializing Servlet 'dispatcherServlet'
2019-12-08 16:22:14.321  INFO 3241 --- [RMI TCP Connection(1)-10.32.183.131] o.s.web.servlet.DispatcherServlet        : Completed initialization in 4 ms
2019-12-08 16:22:29.412  INFO 3241 --- [http-nio-11111-exec-1] o.a.c.c.C.[Tomcat-1].[localhost].[/]     : Initializing Spring DispatcherServlet 'dispatcherServlet'
2019-12-08 16:22:29.412  INFO 3241 --- [http-nio-11111-exec-1] o.s.web.servlet.DispatcherServlet        : Initializing Servlet 'dispatcherServlet'
2019-12-08 16:22:29.413  INFO 3241 --- [http-nio-11111-exec-1] o.s.web.servlet.DispatcherServlet        : Completed initialization in 1 ms
2019-12-08 16:22:44.222  INFO 3241 --- [http-nio-8080-exec-1] c.c.d.s.a.controller.HelloController     : hi, 1575793364222
2019-12-08 16:23:09.135  INFO 3241 --- [http-nio-8080-exec-3] c.c.d.s.a.controller.HelloController     : hi, 1575793389135
2019-12-08 16:23:13.330  INFO 3241 --- [http-nio-8080-exec-5] c.c.d.s.a.controller.HelloController     : hi, 1575793393330
2019-12-08 16:23:20.631  INFO 3241 --- [SpringContextShutdownHook] o.s.s.concurrent.ThreadPoolTaskExecutor  : Shutting down ExecutorService 'applicationTaskExecutor'
